# JRE version: Java(TM) SE Runtime Environment (8.0_92-b14) (build 1.8.0_92-b14)
# Java VM: Java HotSpot(TM) 64-Bit Server VM (25.92-b14 mixed mode windows-amd64 compressed oops)
Heap:
 PSYoungGen      total 535552K, used 81061K [0x000000076b380000, 0x0000000796b00000, 0x00000007c0000000)
  eden space 475648K, 17% used [0x000000076b380000,0x00000007702a9728,0x0000000788400000)
  from space 59904K, 0% used [0x0000000788400000,0x0000000788400000,0x000000078be80000)
  to   space 67072K, 0% used [0x0000000792980000,0x0000000792980000,0x0000000796b00000)
 ParOldGen       total 162304K, used 60263K [0x00000006c1a00000, 0x00000006cb880000, 0x000000076b380000)
  object space 162304K, 37% used [0x00000006c1a00000,0x00000006c54d9c50,0x00000006cb880000)
 Metaspace       used 20456K, capacity 20736K, committed 21248K, reserved 1069056K
  class space    used 2345K, capacity 2435K, committed 2560K, reserved 1048576K
GC Heap History (10 events):
Event: 125.590 GC heap before
{Heap before GC invocations=44 (full 2):
 PSYoungGen      total 382464K, used 361120K [0x000000076b380000, 0x0000000789f00000, 0x00000007c0000000)
  eden space 330240K, 100% used [0x000000076b380000,0x000000077f600000,0x000000077f600000)
  from space 52224K, 59% used [0x000000077f600000,0x0000000781428080,0x0000000782900000)
  to   space 51712K, 0% used [0x0000000786c80000,0x0000000786c80000,0x0000000789f00000)
 ParOldGen       total 145920K, used 80733K [0x00000006c1a00000, 0x00000006ca880000, 0x000000076b380000)
  object space 145920K, 55% used [0x00000006c1a00000,0x00000006c68d7578,0x00000006ca880000)
 Metaspace       used 20359K, capacity 20666K, committed 20992K, reserved 1067008K
  class space    used 2345K, capacity 2434K, committed 2560K, reserved 1048576K
Event: 125.603 GC heap after
Heap after GC invocations=44 (full 2):
 PSYoungGen      total 450560K, used 34848K [0x000000076b380000, 0x000000078a100000, 0x00000007c0000000)
  eden space 398848K, 0% used [0x000000076b380000,0x000000076b380000,0x0000000783900000)
  from space 51712K, 67% used [0x0000000786c80000,0x0000000788e88090,0x0000000789f00000)
  to   space 52736K, 0% used [0x0000000783900000,0x0000000783900000,0x0000000786c80000)
 ParOldGen       total 145920K, used 80765K [0x00000006c1a00000, 0x00000006ca880000, 0x000000076b380000)
  object space 145920K, 55% used [0x00000006c1a00000,0x00000006c68df578,0x00000006ca880000)
 Metaspace       used 20359K, capacity 20666K, committed 20992K, reserved 1067008K
  class space    used 2345K, capacity 2434K, committed 2560K, reserved 1048576K
}
Event: 127.060 GC heap before
{Heap before GC invocations=45 (full 2):
 PSYoungGen      total 450560K, used 433696K [0x000000076b380000, 0x000000078a100000, 0x00000007c0000000)
  eden space 398848K, 100% used [0x000000076b380000,0x0000000783900000,0x0000000783900000)
  from space 51712K, 67% used [0x0000000786c80000,0x0000000788e88090,0x0000000789f00000)
  to   space 52736K, 0% used [0x0000000783900000,0x0000000783900000,0x0000000786c80000)
 ParOldGen       total 145920K, used 81002K [0x00000006c1a00000, 0x00000006ca880000, 0x000000076b380000)
  object space 145920K, 55% used [0x00000006c1a00000,0x00000006c691aa68,0x00000006ca880000)
 Metaspace       used 20378K, capacity 20666K, committed 20992K, reserved 1067008K
  class space    used 2345K, capacity 2434K, committed 2560K, reserved 1048576K
Event: 127.068 GC heap after
Heap after GC invocations=45 (full 2):
 PSYoungGen      total 451584K, used 34752K [0x000000076b380000, 0x000000078f280000, 0x00000007c0000000)
  eden space 398848K, 0% used [0x000000076b380000,0x000000076b380000,0x0000000783900000)
  from space 52736K, 65% used [0x0000000783900000,0x0000000785af0090,0x0000000786c80000)
  to   space 53248K, 0% used [0x000000078be80000,0x000000078be80000,0x000000078f280000)
 ParOldGen       total 145920K, used 81026K [0x00000006c1a00000, 0x00000006ca880000, 0x000000076b380000)
  object space 145920K, 55% used [0x00000006c1a00000,0x00000006c6920a68,0x00000006ca880000)
 Metaspace       used 20378K, capacity 20666K, committed 20992K, reserved 1067008K
  class space    used 2345K, capacity 2434K, committed 2560K, reserved 1048576K
}
Event: 127.772 GC heap before
{Heap before GC invocations=46 (full 2):
 PSYoungGen      total 451584K, used 433600K [0x000000076b380000, 0x000000078f280000, 0x00000007c0000000)
  eden space 398848K, 100% used [0x000000076b380000,0x0000000783900000,0x0000000783900000)
  from space 52736K, 65% used [0x0000000783900000,0x0000000785af0090,0x0000000786c80000)
  to   space 53248K, 0% used [0x000000078be80000,0x000000078be80000,0x000000078f280000)
 ParOldGen       total 145920K, used 81926K [0x00000006c1a00000, 0x00000006ca880000, 0x000000076b380000)
  object space 145920K, 56% used [0x00000006c1a00000,0x00000006c6a01a78,0x00000006ca880000)
 Metaspace       used 20407K, capacity 20730K, committed 21248K, reserved 1069056K
  class space    used 2345K, capacity 2434K, committed 2560K, reserved 1048576K
Event: 127.787 GC heap after
Heap after GC invocations=46 (full 2):
 PSYoungGen      total 528896K, used 52700K [0x000000076b380000, 0x0000000790080000, 0x00000007c0000000)
  eden space 475648K, 0% used [0x000000076b380000,0x000000076b380000,0x0000000788400000)
  from space 53248K, 98% used [0x000000078be80000,0x000000078f1f7130,0x000000078f280000)
  to   space 59904K, 0% used [0x0000000788400000,0x0000000788400000,0x000000078be80000)
 ParOldGen       total 145920K, used 98242K [0x00000006c1a00000, 0x00000006ca880000, 0x000000076b380000)
  object space 145920K, 67% used [0x00000006c1a00000,0x00000006c79f0ac8,0x00000006ca880000)
 Metaspace       used 20407K, capacity 20730K, committed 21248K, reserved 1069056K
  class space    used 2345K, capacity 2434K, committed 2560K, reserved 1048576K
}
Event: 128.655 GC heap before
{Heap before GC invocations=47 (full 2):
 PSYoungGen      total 528896K, used 528348K [0x000000076b380000, 0x0000000790080000, 0x00000007c0000000)
  eden space 475648K, 100% used [0x000000076b380000,0x0000000788400000,0x0000000788400000)
  from space 53248K, 98% used [0x000000078be80000,0x000000078f1f7130,0x000000078f280000)
  to   space 59904K, 0% used [0x0000000788400000,0x0000000788400000,0x000000078be80000)
 ParOldGen       total 145920K, used 99379K [0x00000006c1a00000, 0x00000006ca880000, 0x000000076b380000)
  object space 145920K, 68% used [0x00000006c1a00000,0x00000006c7b0cfc8,0x00000006ca880000)
 Metaspace       used 20428K, capacity 20730K, committed 21248K, reserved 1069056K
  class space    used 2345K, capacity 2434K, committed 2560K, reserved 1048576K
Event: 128.699 GC heap after
Heap after GC invocations=47 (full 2):
 PSYoungGen      total 535552K, used 56780K [0x000000076b380000, 0x0000000796b00000, 0x00000007c0000000)
  eden space 475648K, 0% used [0x000000076b380000,0x000000076b380000,0x0000000788400000)
  from space 59904K, 94% used [0x0000000788400000,0x000000078bb73110,0x000000078be80000)
  to   space 67072K, 0% used [0x0000000792980000,0x0000000792980000,0x0000000796b00000)
 ParOldGen       total 145920K, used 118644K [0x00000006c1a00000, 0x00000006ca880000, 0x000000076b380000)
  object space 145920K, 81% used [0x00000006c1a00000,0x00000006c8ddd018,0x00000006ca880000)
 Metaspace       used 20428K, capacity 20730K, committed 21248K, reserved 1069056K
  class space    used 2345K, capacity 2434K, committed 2560K, reserved 1048576K
}
Event: 128.699 GC heap before
{Heap before GC invocations=48 (full 3):
 PSYoungGen      total 535552K, used 56780K [0x000000076b380000, 0x0000000796b00000, 0x00000007c0000000)
  eden space 475648K, 0% used [0x000000076b380000,0x000000076b380000,0x0000000788400000)
  from space 59904K, 94% used [0x0000000788400000,0x000000078bb73110,0x000000078be80000)
  to   space 67072K, 0% used [0x0000000792980000,0x0000000792980000,0x0000000796b00000)
 ParOldGen       total 145920K, used 118644K [0x00000006c1a00000, 0x00000006ca880000, 0x000000076b380000)
  object space 145920K, 81% used [0x00000006c1a00000,0x00000006c8ddd018,0x00000006ca880000)
 Metaspace       used 20428K, capacity 20730K, committed 21248K, reserved 1069056K
  class space    used 2345K, capacity 2434K, committed 2560K, reserved 1048576K
Event: 128.754 GC heap after
Heap after GC invocations=48 (full 3):
 PSYoungGen      total 535552K, used 0K [0x000000076b380000, 0x0000000796b00000, 0x00000007c0000000)
  eden space 475648K, 0% used [0x000000076b380000,0x000000076b380000,0x0000000788400000)
  from space 59904K, 0% used [0x0000000788400000,0x0000000788400000,0x000000078be80000)
  to   space 67072K, 0% used [0x0000000792980000,0x0000000792980000,0x0000000796b00000)
 ParOldGen       total 162304K, used 60263K [0x00000006c1a00000, 0x00000006cb880000, 0x000000076b380000)
  object space 162304K, 37% used [0x00000006c1a00000,0x00000006c54d9c50,0x00000006cb880000)
 Metaspace       used 20428K, capacity 20730K, committed 21248K, reserved 1069056K
  class space    used 2345K, capacity 2434K, committed 2560K, reserved 1048576K
}

